<?xml version="1.0" encoding="UTF-8"?>
<testng-results skipped="0" failed="0" ignored="0" total="1" passed="1">
  <reporter-output>
  </reporter-output>
  <suite name="Default suite" duration-ms="4307" started-at="2020-07-03T05:37:42Z" finished-at="2020-07-03T05:37:46Z">
    <groups>
    </groups>
    <test name="Default test" duration-ms="4307" started-at="2020-07-03T05:37:42Z" finished-at="2020-07-03T05:37:46Z">
      <class name="Pages.ApiTestRunner">
        <test-method status="PASS" signature="initFramework()[pri:0, instance:Pages.ApiTestRunner@4abdb505]" name="initFramework" is-config="true" duration-ms="252" started-at="2020-07-03T05:37:42Z" finished-at="2020-07-03T05:37:42Z">
          <reporter-output>
          </reporter-output>
        </test-method> <!-- initFramework -->
        <test-method status="PASS" signature="testParallel()[pri:0, instance:Pages.ApiTestRunner@4abdb505]" name="testParallel" duration-ms="4258" started-at="2020-07-03T05:37:42Z" finished-at="2020-07-03T05:37:46Z">
          <reporter-output>
          </reporter-output>
        </test-method> <!-- testParallel -->
        <test-method status="PASS" signature="TearDown()[pri:0, instance:Pages.ApiTestRunner@4abdb505]" name="TearDown" is-config="true" duration-ms="2" started-at="2020-07-03T05:37:46Z" finished-at="2020-07-03T05:37:46Z">
          <reporter-output>
          </reporter-output>
        </test-method> <!-- TearDown -->
      </class> <!-- Pages.ApiTestRunner -->
    </test> <!-- Default test -->
  </suite> <!-- Default suite -->
</testng-results>
