<?xml version="1.0" encoding="UTF-8"?>
<testng-results ignored="0" total="2" passed="2" failed="0" skipped="0">
  <reporter-output>
  </reporter-output>
  <suite started-at="2020-07-29T14:00:22 IST" name="Automation Test Report" finished-at="2020-07-29T14:02:17 IST" duration-ms="115348">
    <groups>
    </groups>
    <test started-at="2020-07-29T14:00:22 IST" name="Automation Test Report" finished-at="2020-07-29T14:02:17 IST" duration-ms="115348">
      <class name="com.testautomation.TestRunner.TestRunner">
        <test-method is-config="true" signature="setUpClass()[pri:0, instance:com.testautomation.TestRunner.TestRunner@71238fc2]" started-at="2020-07-29T14:00:23 IST" name="setUpClass" finished-at="2020-07-29T14:00:23 IST" duration-ms="408" status="PASS">
          <reporter-output>
          </reporter-output>
        </test-method> <!-- setUpClass -->
        <test-method signature="feature(cucumber.api.testng.PickleEventWrapper, cucumber.api.testng.CucumberFeatureWrapper)[pri:0, instance:com.testautomation.TestRunner.TestRunner@71238fc2]" started-at="2020-07-29T14:00:23 IST" name="feature" data-provider="features" finished-at="2020-07-29T14:01:26 IST" duration-ms="63089" status="PASS">
          <params>
            <param index="0">
              <value>
                <![CDATA["User navigates to  Flight results page"]]>
              </value>
            </param>
            <param index="1">
              <value>
                <![CDATA["Flight Selction Functionality"]]>
              </value>
            </param>
          </params>
          <reporter-output>
          </reporter-output>
        </test-method> <!-- feature -->
        <test-method signature="feature(cucumber.api.testng.PickleEventWrapper, cucumber.api.testng.CucumberFeatureWrapper)[pri:0, instance:com.testautomation.TestRunner.TestRunner@71238fc2]" started-at="2020-07-29T14:00:23 IST" name="feature" data-provider="features" finished-at="2020-07-29T14:02:17 IST" duration-ms="113744" status="PASS">
          <params>
            <param index="0">
              <value>
                <![CDATA["User navigates to  Flight results page"]]>
              </value>
            </param>
            <param index="1">
              <value>
                <![CDATA["Flight Selction Functionality"]]>
              </value>
            </param>
          </params>
          <reporter-output>
          </reporter-output>
        </test-method> <!-- feature -->
        <test-method is-config="true" signature="tearDownClass()[pri:0, instance:com.testautomation.TestRunner.TestRunner@71238fc2]" started-at="2020-07-29T14:02:17 IST" name="tearDownClass" finished-at="2020-07-29T14:02:17 IST" duration-ms="15" status="PASS">
          <reporter-output>
          </reporter-output>
        </test-method> <!-- tearDownClass -->
      </class> <!-- com.testautomation.TestRunner.TestRunner -->
    </test> <!-- Automation Test Report -->
  </suite> <!-- Automation Test Report -->
</testng-results>
