<?xml version="1.0" encoding="UTF-8"?>
<!-- Generated by org.testng.reporters.JUnitXMLReporter -->
<testsuite ignored="0" hostname="LAPTOP-A2V8665L" failures="0" tests="2" name="Automation Test Report" time="115.348" errors="0" timestamp="2020-07-29T14:02:17 IST">
  <testcase classname="com.testautomation.TestRunner.TestRunner" name="feature" time="63.089"/>
  <testcase classname="com.testautomation.TestRunner.TestRunner" name="feature" time="113.744"/>
</testsuite> <!-- Automation Test Report -->
